<?xml version="1.0" encoding="UTF-8"?>
<!-- Generated by org.testng.reporters.JUnitXMLReporter -->
<testsuite hostname="imrans-MBP.T-mobile.com" name="Test" tests="1" failures="1" timestamp="22 Feb 2017 22:34:11 GMT" time="9.598" errors="0">
  <testcase name="multipleBrowserTest" time="0.039" classname="completeProject.Base">
    <failure type="java.lang.IllegalStateException" message="The driver executable does not exist: /Users/imranhossan/Documents/ChromeDriver/chromedriver2">
      <![CDATA[java.lang.IllegalStateException: The driver executable does not exist: /Users/imranhossan/Documents/ChromeDriver/chromedriver2
	at com.google.common.base.Preconditions.checkState(Preconditions.java:199)
	at org.openqa.selenium.remote.service.DriverService.checkExecutable(DriverService.java:121)
	at org.openqa.selenium.remote.service.DriverService.findExecutable(DriverService.java:116)
	at org.openqa.selenium.chrome.ChromeDriverService.access$000(ChromeDriverService.java:32)
	at org.openqa.selenium.chrome.ChromeDriverService$Builder.findDefaultExecutable(ChromeDriverService.java:137)
	at org.openqa.selenium.remote.service.DriverService$Builder.build(DriverService.java:296)
	at org.openqa.selenium.chrome.ChromeDriverService.createDefaultService(ChromeDriverService.java:88)
	at org.openqa.selenium.chrome.ChromeDriver.<init>(ChromeDriver.java:120)
	at completeProject.Base.multipleBrowserTest(Base.java:51)
... Removed 24 stack frames]]>
    </failure>
  </testcase> <!-- multipleBrowserTest -->
</testsuite> <!-- Test -->
